modules/expo-callkit/android/build/intermediates/manifest_merge_blame_file/release/processReleaseManifest/manifest-merger-blame-release-report.txt
1<?xml version="1.0" encoding="utf-8"?>
2<manifest xmlns:android="http://schemas.android.com/apk/res/android"
3    xmlns:tools="http://schemas.android.com/tools"
4    package="expo.modules.callkit" >
5
6    <uses-sdk android:minSdkVersion="24" />
7
8    <uses-permission android:name="android.permission.USE_FULL_SCREEN_INTENT" />
8-->src/main/AndroidManifest.xml:4:3-79
8-->src/main/AndroidManifest.xml:4:20-76
9    <uses-permission android:name="android.permission.VIBRATE" />
9-->src/main/AndroidManifest.xml:5:3-64
9-->src/main/AndroidManifest.xml:5:20-61
10    <uses-permission android:name="android.permission.WAKE_LOCK" />
10-->src/main/AndroidManifest.xml:6:3-66
10-->src/main/AndroidManifest.xml:6:20-63
11    <uses-permission android:name="android.permission.POST_NOTIFICATIONS" />
11-->src/main/AndroidManifest.xml:7:3-75
11-->src/main/AndroidManifest.xml:7:20-72
12    <uses-permission android:name="android.permission.FOREGROUND_SERVICE" />
12-->src/main/AndroidManifest.xml:8:3-75
12-->src/main/AndroidManifest.xml:8:20-72
13    <uses-permission android:name="android.permission.FOREGROUND_SERVICE_PHONE_CALL" />
13-->src/main/AndroidManifest.xml:9:3-86
13-->src/main/AndroidManifest.xml:9:20-83
14    <!--
15    [2026-05-16 Stage 4] FOREGROUND_SERVICE_DATA_SYNC for RelayWakeService.
16    Required by Android 14+ when starting a foregroundServiceType=dataSync
17    service from background (FCM-triggered silent wake). Without this the
18    OS throws SecurityException and the service is killed immediately.
19    -->
20    <uses-permission android:name="android.permission.FOREGROUND_SERVICE_DATA_SYNC" />
20-->src/main/AndroidManifest.xml:16:3-85
20-->src/main/AndroidManifest.xml:16:20-82
21    <uses-permission android:name="android.permission.MANAGE_OWN_CALLS" />
21-->src/main/AndroidManifest.xml:17:3-73
21-->src/main/AndroidManifest.xml:17:20-70
22    <!--
23    [STAGE-B 2026-05-20] Self-managed Telecom integration. WhatsApp parity.
24    READ_PHONE_NUMBERS lets the system attribute calls to our PhoneAccount
25    in Recents without prompting; required for the dialer to display
26    "Chatyy" as the call source. No runtime grant required — it's in the
27    normal permission tier on API 26+.
28    -->
29    <uses-permission android:name="android.permission.READ_PHONE_NUMBERS" />
29-->src/main/AndroidManifest.xml:25:3-75
29-->src/main/AndroidManifest.xml:25:20-72
30
31    <application>
31-->src/main/AndroidManifest.xml:27:3-242:17
32        <activity
32-->src/main/AndroidManifest.xml:29:5-38:46
33            android:name="expo.modules.callkit.IncomingCallActivity"
33-->src/main/AndroidManifest.xml:30:7-43
34            android:excludeFromRecents="true"
34-->src/main/AndroidManifest.xml:35:7-40
35            android:exported="false"
35-->src/main/AndroidManifest.xml:31:7-31
36            android:launchMode="singleInstance"
36-->src/main/AndroidManifest.xml:36:7-42
37            android:screenOrientation="portrait"
37-->src/main/AndroidManifest.xml:38:7-43
38            android:showWhenLocked="true"
38-->src/main/AndroidManifest.xml:32:7-36
39            android:taskAffinity=""
39-->src/main/AndroidManifest.xml:34:7-30
40            android:theme="@style/Theme.AppCompat.NoActionBar"
40-->src/main/AndroidManifest.xml:37:7-57
41            android:turnScreenOn="true" />
41-->src/main/AndroidManifest.xml:33:7-34
42
43        <!--
44      Day 1 scaffold (2026-05-15) — full-native in-call screen that replaces
45      React Native /call.js. Owns the entire call UX. singleTop so a second
46      openNativeCall() while one is already running reuses the same instance.
47        -->
48        <activity
48-->src/main/AndroidManifest.xml:45:5-56:46
49            android:name="expo.modules.callkit.CallActivity"
49-->src/main/AndroidManifest.xml:46:7-35
50            android:configChanges="orientation|screenSize|smallestScreenSize|screenLayout|keyboardHidden"
50-->src/main/AndroidManifest.xml:54:7-100
51            android:excludeFromRecents="true"
51-->src/main/AndroidManifest.xml:51:7-40
52            android:exported="false"
52-->src/main/AndroidManifest.xml:47:7-31
53            android:launchMode="singleTop"
53-->src/main/AndroidManifest.xml:52:7-37
54            android:screenOrientation="portrait"
54-->src/main/AndroidManifest.xml:56:7-43
55            android:showWhenLocked="true"
55-->src/main/AndroidManifest.xml:48:7-36
56            android:supportsPictureInPicture="true"
56-->src/main/AndroidManifest.xml:53:7-46
57            android:taskAffinity=""
57-->src/main/AndroidManifest.xml:50:7-30
58            android:theme="@style/Theme.AppCompat.NoActionBar"
58-->src/main/AndroidManifest.xml:55:7-57
59            android:turnScreenOn="true" />
59-->src/main/AndroidManifest.xml:49:7-34
60
61        <!--
62      [2026-05-16] Group-call scaffold — sibling of CallActivity for N-way
63      LiveKit rooms (chat group voice/video). Mirrors the singleTop /
64      PiP-capable / portrait / NoActionBar flags so multi-launch reuses the
65      same instance and the activity can shrink into PiP for video group
66      calls. Owner: openGroupCall AsyncFunction in ExpoCallKitModule.
67        -->
68        <activity
68-->src/main/AndroidManifest.xml:65:5-76:46
69            android:name="expo.modules.callkit.GroupCallActivity"
69-->src/main/AndroidManifest.xml:66:7-40
70            android:configChanges="orientation|screenSize|smallestScreenSize|screenLayout|keyboardHidden"
70-->src/main/AndroidManifest.xml:74:7-100
71            android:excludeFromRecents="true"
71-->src/main/AndroidManifest.xml:71:7-40
72            android:exported="false"
72-->src/main/AndroidManifest.xml:67:7-31
73            android:launchMode="singleTop"
73-->src/main/AndroidManifest.xml:72:7-37
74            android:screenOrientation="portrait"
74-->src/main/AndroidManifest.xml:76:7-43
75            android:showWhenLocked="true"
75-->src/main/AndroidManifest.xml:68:7-36
76            android:supportsPictureInPicture="true"
76-->src/main/AndroidManifest.xml:73:7-46
77            android:taskAffinity=""
77-->src/main/AndroidManifest.xml:70:7-30
78            android:theme="@style/Theme.AppCompat.NoActionBar"
78-->src/main/AndroidManifest.xml:75:7-57
79            android:turnScreenOn="true" />
79-->src/main/AndroidManifest.xml:69:7-34
80
81        <!--
82      [Stage 998/1000 — 2026-05-17] Compose-based Live Broadcast host
83      activity. Owns the LiveKit publisher Room + the WS connection for
84      live_* events. Same flags as CallActivity (singleTop so re-tapping a
85      live during one already running reuses the activity; portrait; no
86      action bar; exported=false because JS launches it via the module
87      bridge, never via implicit intent).
88        -->
89        <activity
89-->src/main/AndroidManifest.xml:86:5-96:46
90            android:name="expo.modules.callkit.LiveBroadcastActivity"
90-->src/main/AndroidManifest.xml:87:7-44
91            android:configChanges="orientation|screenSize|smallestScreenSize|screenLayout|keyboardHidden"
91-->src/main/AndroidManifest.xml:94:7-100
92            android:excludeFromRecents="true"
92-->src/main/AndroidManifest.xml:92:7-40
93            android:exported="false"
93-->src/main/AndroidManifest.xml:88:7-31
94            android:launchMode="singleTop"
94-->src/main/AndroidManifest.xml:93:7-37
95            android:screenOrientation="portrait"
95-->src/main/AndroidManifest.xml:96:7-43
96            android:showWhenLocked="true"
96-->src/main/AndroidManifest.xml:89:7-36
97            android:taskAffinity=""
97-->src/main/AndroidManifest.xml:91:7-30
98            android:theme="@style/Theme.AppCompat.NoActionBar"
98-->src/main/AndroidManifest.xml:95:7-57
99            android:turnScreenOn="true" />
99-->src/main/AndroidManifest.xml:90:7-34
100
101        <!--
102      [Stage 998/1000 — 2026-05-17] Compose-based Live Viewer audience
103      activity. Subscribe-only LK Room + WS for live_* events. Auto-closes
104      on live_viewer_kicked carrying the local user's email.
105        -->
106        <activity
106-->src/main/AndroidManifest.xml:103:5-113:46
107            android:name="expo.modules.callkit.LiveViewerActivity"
107-->src/main/AndroidManifest.xml:104:7-41
108            android:configChanges="orientation|screenSize|smallestScreenSize|screenLayout|keyboardHidden"
108-->src/main/AndroidManifest.xml:111:7-100
109            android:excludeFromRecents="true"
109-->src/main/AndroidManifest.xml:109:7-40
110            android:exported="false"
110-->src/main/AndroidManifest.xml:105:7-31
111            android:launchMode="singleTop"
111-->src/main/AndroidManifest.xml:110:7-37
112            android:screenOrientation="portrait"
112-->src/main/AndroidManifest.xml:113:7-43
113            android:showWhenLocked="true"
113-->src/main/AndroidManifest.xml:106:7-36
114            android:taskAffinity=""
114-->src/main/AndroidManifest.xml:108:7-30
115            android:theme="@style/Theme.AppCompat.NoActionBar"
115-->src/main/AndroidManifest.xml:112:7-57
116            android:turnScreenOn="true" />
116-->src/main/AndroidManifest.xml:107:7-34
117
118        <receiver
118-->src/main/AndroidManifest.xml:115:5-117:34
119            android:name="expo.modules.callkit.CallActionReceiver"
119-->src/main/AndroidManifest.xml:116:7-41
120            android:exported="false" />
120-->src/main/AndroidManifest.xml:117:7-31
121
122        <!--
123      [notif-p0p1 2026-05-17] Chat notification actions. Backs MessagingStyle
124      inline RemoteInput (quick reply), mark-as-read, mute 8h, snooze 1h.
125      Explicit intent actions (setPackage in sender) so no permission/export.
126        -->
127        <receiver
127-->src/main/AndroidManifest.xml:124:5-135:16
128            android:name="expo.modules.callkit.ChatActionReceiver"
128-->src/main/AndroidManifest.xml:125:7-41
129            android:exported="false" >
129-->src/main/AndroidManifest.xml:126:7-31
130            <intent-filter>
130-->src/main/AndroidManifest.xml:127:7-134:23
131                <action android:name="com.onemundo.mail.ACTION_CHAT_REPLY" />
131-->src/main/AndroidManifest.xml:128:9-70
131-->src/main/AndroidManifest.xml:128:17-67
132                <action android:name="com.onemundo.mail.ACTION_CHAT_MARK_READ" />
132-->src/main/AndroidManifest.xml:129:9-74
132-->src/main/AndroidManifest.xml:129:17-71
133                <action android:name="com.onemundo.mail.ACTION_CHAT_MUTE_8H" />
133-->src/main/AndroidManifest.xml:130:9-72
133-->src/main/AndroidManifest.xml:130:17-69
134                <action android:name="com.onemundo.mail.ACTION_CHAT_SNOOZE_1H" />
134-->src/main/AndroidManifest.xml:131:9-74
134-->src/main/AndroidManifest.xml:131:17-71
135                <action android:name="com.onemundo.mail.ACTION_CHAT_SMART_REPLY" />
135-->src/main/AndroidManifest.xml:132:9-76
135-->src/main/AndroidManifest.xml:132:17-73
136                <action android:name="com.onemundo.mail.ACTION_CALL_BACK" />
136-->src/main/AndroidManifest.xml:133:9-69
136-->src/main/AndroidManifest.xml:133:17-66
137            </intent-filter>
138        </receiver>
139
140        <!--
141      CRITICAL: priority="10" ensures this service receives FCM messages
142      BEFORE Expo's ExpoFirebaseMessagingService (which uses priority="-1").
143      Android only delivers to ONE FirebaseMessagingService — the highest priority one.
144      We handle call messages ourselves and delegate everything else to Expo's handler.
145        -->
146        <service
146-->src/main/AndroidManifest.xml:143:5-150:15
147            android:name="expo.modules.callkit.CallFirebaseMessagingService"
147-->src/main/AndroidManifest.xml:144:7-51
148            android:directBootAware="true"
148-->src/main/AndroidManifest.xml:146:7-37
149            android:exported="false" >
149-->src/main/AndroidManifest.xml:145:7-31
150            <intent-filter android:priority="10" >
150-->src/main/AndroidManifest.xml:147:7-149:23
150-->src/main/AndroidManifest.xml:147:22-43
151                <action android:name="com.google.firebase.MESSAGING_EVENT" />
151-->src/main/AndroidManifest.xml:148:9-70
151-->src/main/AndroidManifest.xml:148:17-67
152            </intent-filter>
153        </service>
154
155        <!--
156      Foreground service for incoming call ringing.
157      Required on Android 12+ to keep the process alive and show full-screen UI
158      when the app is killed. Type "phoneCall" is required on Android 14+.
159        -->
160        <service
160-->src/main/AndroidManifest.xml:157:5-161:51
161            android:name="expo.modules.callkit.CallRingingService"
161-->src/main/AndroidManifest.xml:158:7-41
162            android:directBootAware="true"
162-->src/main/AndroidManifest.xml:160:7-37
163            android:exported="false"
163-->src/main/AndroidManifest.xml:159:7-31
164            android:foregroundServiceType="phoneCall" />
164-->src/main/AndroidManifest.xml:161:7-48
165
166        <!--
167      [2026-05-16] Foreground service for IN-PROGRESS calls (post-accept).
168      Distinct from CallRingingService: this one uses a LOW-importance
169      channel ("chatyy_calls_ongoing"), silent, persistent — its only job
170      is to keep the process alive while the user has the app backgrounded
171      mid-conversation (swipe home → LiveKit Room WS would otherwise die).
172      foregroundServiceType MUST be "phoneCall" (not "dataSync") because we
173      ARE in an active call and hold the mic; Android 14+ enforces the
174      type-to-permission mapping (FOREGROUND_SERVICE_PHONE_CALL).
175        -->
176        <service
176-->src/main/AndroidManifest.xml:173:5-176:51
177            android:name="expo.modules.callkit.CallOngoingService"
177-->src/main/AndroidManifest.xml:174:7-41
178            android:exported="false"
178-->src/main/AndroidManifest.xml:175:7-31
179            android:foregroundServiceType="phoneCall" />
179-->src/main/AndroidManifest.xml:176:7-48
180
181        <!--
182      [2026-05-16 Stage 4] Silent push wake → raw WebSocket session. Started
183      from CallFirebaseMessagingService.onMessageReceived when an FCM
184      payload arrives with `type: "wake_relay"`. foregroundServiceType is
185      `dataSync` because we are NOT placing a call — we are syncing data
186      so another device (web companion) can read it. Android 14+ requires
187      this exact type and the matching FOREGROUND_SERVICE_DATA_SYNC
188      permission (declared above). No UI: see RelayWakeService.kt.
189        -->
190        <service
190-->src/main/AndroidManifest.xml:187:5-190:50
191            android:name="expo.modules.callkit.RelayWakeService"
191-->src/main/AndroidManifest.xml:188:7-39
192            android:exported="false"
192-->src/main/AndroidManifest.xml:189:7-31
193            android:foregroundServiceType="dataSync" />
193-->src/main/AndroidManifest.xml:190:7-47
194
195        <!--
196      [Telecom integration, 2026-05-17] InCallService scaffold so Chatyy
197      shows up in Settings → Calling Accounts and the stock dialer's
198      Recents tab can attribute calls to us. The matching ConnectionService
199      will land in a follow-up — until then this is enough to register the
200      PhoneAccountHandle and expose Chatyy as a calling app. See
201      ChatyyInCallService.kt for the full architecture comment.
202
203      BIND_INCALL_SERVICE permission lets the system bind us when a call
204      tied to our PhoneAccountHandle is active. The intent-filter is the
205      contract the framework expects on this service class.
206        -->
207        <service
207-->src/main/AndroidManifest.xml:204:5-214:15
208            android:name="expo.modules.callkit.ChatyyInCallService"
208-->src/main/AndroidManifest.xml:205:7-42
209            android:exported="true"
209-->src/main/AndroidManifest.xml:206:7-30
210            android:permission="android.permission.BIND_INCALL_SERVICE" >
210-->src/main/AndroidManifest.xml:207:7-66
211            <meta-data
211-->src/main/AndroidManifest.xml:208:7-210:33
212                android:name="android.telecom.IN_CALL_SERVICE_UI"
212-->src/main/AndroidManifest.xml:209:9-58
213                android:value="false" />
213-->src/main/AndroidManifest.xml:210:9-30
214
215            <intent-filter>
215-->src/main/AndroidManifest.xml:211:7-213:23
216                <action android:name="android.telecom.InCallService" />
216-->src/main/AndroidManifest.xml:212:9-64
216-->src/main/AndroidManifest.xml:212:17-61
217            </intent-filter>
218        </service>
219
220        <!--
221      [STAGE-B 2026-05-20] Self-managed ConnectionService — the other
222      half of the Telecom integration. ChatyyInCallService above is the
223      InCallService binding (system → us for dialer UI); this one is the
224      ConnectionService binding (us → system for the Call lifecycle).
225      BIND_TELECOM_CONNECTION_SERVICE is the contract permission the
226      framework requires on every ConnectionService. Without this entry
227      addNewIncomingCall(handle) throws SecurityException and the call
228      never appears in the system call UI — we fall back to Stage A's
229      FSI+IncomingCallActivity path silently.
230
231      exported=true is correct here: the Telecom framework lives in the
232      `com.android.server.telecom` system process and binds us across
233      processes via the BIND_TELECOM_CONNECTION_SERVICE permission gate.
234      No third-party app can bind because the permission is signature/
235      privileged-only.
236        -->
237        <service
237-->src/main/AndroidManifest.xml:233:5-240:15
238            android:name="expo.modules.callkit.ChatyyConnectionService"
238-->src/main/AndroidManifest.xml:234:7-46
239            android:exported="true"
239-->src/main/AndroidManifest.xml:235:7-30
240            android:permission="android.permission.BIND_TELECOM_CONNECTION_SERVICE" >
240-->src/main/AndroidManifest.xml:236:7-78
241            <intent-filter>
241-->src/main/AndroidManifest.xml:237:7-239:23
242                <action android:name="android.telecom.ConnectionService" />
242-->src/main/AndroidManifest.xml:238:9-68
242-->src/main/AndroidManifest.xml:238:17-65
243            </intent-filter>
244        </service>
245    </application>
246
247</manifest>